-------------------------------------------------------------------------------
Test set: TestRunnner
-------------------------------------------------------------------------------
Tests run: 1, Failures: 1, Errors: 0, Skipped: 0, Time elapsed: 10.503 s <<< FAILURE! - in TestRunnner
TestRunnner.runScenario["User should be able to Sign Up with the valid email adress", "Optional[TalentTek Sign Up feature test suite.]"](1)  Time elapsed: 9.707 s  <<< FAILURE!
java.lang.AssertionError: 
expected [Validation error] but found [â¥Validation Errors
Th]

